# JRE version: OpenJDK Runtime Environment Temurin-21.0.2+13 (21.0.2+13) (build 21.0.2+13-LTS)
# Java VM: OpenJDK 64-Bit Server VM Temurin-21.0.2+13 (21.0.2+13-LTS, mixed mode, emulated-client, sharing, tiered, compressed oops, compressed class ptrs, g1 gc, windows-amd64)
GC Precious Log:
 CardTable entry size: 512
 Card Set container configuration: InlinePtr #cards 4 size 8 Array Of Cards #cards 32 size 80 Howl #buckets 8 coarsen threshold 7372 Howl Bitmap #cards 1024 size 144 coarsen threshold 921 Card regions per heap region 1 cards per card region 8192
 CPUs: 12 total, 12 available
 Memory: 32616M
 Large Page Support: Disabled
 NUMA Support: Disabled
 Compressed Oops: Enabled (Zero based)
 Heap Region Size: 4M
 Heap Min Capacity: 8M
 Heap Initial Capacity: 512M
 Heap Max Capacity: 8156M
 Pre-touch: Disabled
 Parallel Workers: 10
 Concurrent Workers: 3
 Concurrent Refinement Workers: 10
 Periodic GC: Disabled
Heap:
 garbage-first heap   total 81920K, used 62404K [0x0000000602400000, 0x0000000800000000)
  region size 4096K, 12 young (49152K), 2 survivors (8192K)
 Metaspace       used 43615K, committed 44160K, reserved 1114112K
  class space    used 5740K, committed 5952K, reserved 1048576K
GC Heap History (20 events):
Event: 0.653 GC heap after
{Heap after GC invocations=1 (full 0):
 garbage-first heap   total 524288K, used 6490K [0x0000000602400000, 0x0000000800000000)
  region size 4096K, 1 young (4096K), 1 survivors (4096K)
 Metaspace       used 5988K, committed 6208K, reserved 1114112K
  class space    used 664K, committed 768K, reserved 1048576K
}
Event: 0.906 GC heap before
{Heap before GC invocations=1 (full 0):
 garbage-first heap   total 524288K, used 26970K [0x0000000602400000, 0x0000000800000000)
  region size 4096K, 6 young (24576K), 1 survivors (4096K)
 Metaspace       used 9258K, committed 9600K, reserved 1114112K
  class space    used 1072K, committed 1216K, reserved 1048576K
}
Event: 0.909 GC heap after
{Heap after GC invocations=2 (full 0):
 garbage-first heap   total 524288K, used 7684K [0x0000000602400000, 0x0000000800000000)
  region size 4096K, 1 young (4096K), 1 survivors (4096K)
 Metaspace       used 9258K, committed 9600K, reserved 1114112K
  class space    used 1072K, committed 1216K, reserved 1048576K
}
Event: 1.484 GC heap before
{Heap before GC invocations=2 (full 0):
 garbage-first heap   total 524288K, used 85508K [0x0000000602400000, 0x0000000800000000)
  region size 4096K, 21 young (86016K), 1 survivors (4096K)
 Metaspace       used 16993K, committed 17344K, reserved 1114112K
  class space    used 2288K, committed 2432K, reserved 1048576K
}
Event: 1.488 GC heap after
{Heap after GC invocations=3 (full 0):
 garbage-first heap   total 524288K, used 10214K [0x0000000602400000, 0x0000000800000000)
  region size 4096K, 1 young (4096K), 1 survivors (4096K)
 Metaspace       used 16993K, committed 17344K, reserved 1114112K
  class space    used 2288K, committed 2432K, reserved 1048576K
}
Event: 1.554 GC heap before
{Heap before GC invocations=3 (full 0):
 garbage-first heap   total 524288K, used 26598K [0x0000000602400000, 0x0000000800000000)
  region size 4096K, 6 young (24576K), 1 survivors (4096K)
 Metaspace       used 18771K, committed 19136K, reserved 1114112K
  class space    used 2518K, committed 2688K, reserved 1048576K
}
Event: 1.557 GC heap after
{Heap after GC invocations=4 (full 0):
 garbage-first heap   total 524288K, used 10542K [0x0000000602400000, 0x0000000800000000)
  region size 4096K, 1 young (4096K), 1 survivors (4096K)
 Metaspace       used 18771K, committed 19136K, reserved 1114112K
  class space    used 2518K, committed 2688K, reserved 1048576K
}
Event: 1.720 GC heap before
{Heap before GC invocations=5 (full 0):
 garbage-first heap   total 57344K, used 55598K [0x0000000602400000, 0x0000000800000000)
  region size 4096K, 12 young (49152K), 1 survivors (4096K)
 Metaspace       used 22065K, committed 22400K, reserved 1114112K
  class space    used 2876K, committed 3008K, reserved 1048576K
}
Event: 1.724 GC heap after
{Heap after GC invocations=6 (full 0):
 garbage-first heap   total 65536K, used 12436K [0x0000000602400000, 0x0000000800000000)
  region size 4096K, 2 young (8192K), 2 survivors (8192K)
 Metaspace       used 22065K, committed 22400K, reserved 1114112K
  class space    used 2876K, committed 3008K, reserved 1048576K
}
Event: 1.816 GC heap before
{Heap before GC invocations=6 (full 0):
 garbage-first heap   total 65536K, used 41108K [0x0000000602400000, 0x0000000800000000)
  region size 4096K, 9 young (36864K), 2 survivors (8192K)
 Metaspace       used 23502K, committed 23872K, reserved 1114112K
  class space    used 3084K, committed 3264K, reserved 1048576K
}
Event: 1.819 GC heap after
{Heap after GC invocations=7 (full 0):
 garbage-first heap   total 65536K, used 12800K [0x0000000602400000, 0x0000000800000000)
  region size 4096K, 1 young (4096K), 1 survivors (4096K)
 Metaspace       used 23502K, committed 23872K, reserved 1114112K
  class space    used 3084K, committed 3264K, reserved 1048576K
}
Event: 2.039 GC heap before
{Heap before GC invocations=7 (full 0):
 garbage-first heap   total 65536K, used 45568K [0x0000000602400000, 0x0000000800000000)
  region size 4096K, 9 young (36864K), 1 survivors (4096K)
 Metaspace       used 25453K, committed 25920K, reserved 1114112K
  class space    used 3373K, committed 3584K, reserved 1048576K
}
Event: 2.042 GC heap after
{Heap after GC invocations=8 (full 0):
 garbage-first heap   total 294912K, used 14021K [0x0000000602400000, 0x0000000800000000)
  region size 4096K, 2 young (8192K), 2 survivors (8192K)
 Metaspace       used 25453K, committed 25920K, reserved 1114112K
  class space    used 3373K, committed 3584K, reserved 1048576K
}
Event: 2.651 GC heap before
{Heap before GC invocations=8 (full 0):
 garbage-first heap   total 294912K, used 87749K [0x0000000602400000, 0x0000000800000000)
  region size 4096K, 21 young (86016K), 2 survivors (8192K)
 Metaspace       used 31553K, committed 32000K, reserved 1114112K
  class space    used 4272K, committed 4480K, reserved 1048576K
}
Event: 2.656 GC heap after
{Heap after GC invocations=9 (full 0):
 garbage-first heap   total 294912K, used 17548K [0x0000000602400000, 0x0000000800000000)
  region size 4096K, 2 young (8192K), 2 survivors (8192K)
 Metaspace       used 31553K, committed 32000K, reserved 1114112K
  class space    used 4272K, committed 4480K, reserved 1048576K
}
Event: 2.896 GC heap before
{Heap before GC invocations=10 (full 0):
 garbage-first heap   total 81920K, used 58508K [0x0000000602400000, 0x0000000800000000)
  region size 4096K, 12 young (49152K), 2 survivors (8192K)
 Metaspace       used 34915K, committed 35456K, reserved 1114112K
  class space    used 4637K, committed 4864K, reserved 1048576K
}
Event: 2.901 GC heap after
{Heap after GC invocations=11 (full 0):
 garbage-first heap   total 81920K, used 19164K [0x0000000602400000, 0x0000000800000000)
  region size 4096K, 2 young (8192K), 2 survivors (8192K)
 Metaspace       used 34915K, committed 35456K, reserved 1114112K
  class space    used 4637K, committed 4864K, reserved 1048576K
}
Event: 3.311 GC heap before
{Heap before GC invocations=11 (full 0):
 garbage-first heap   total 81920K, used 60124K [0x0000000602400000, 0x0000000800000000)
  region size 4096K, 12 young (49152K), 2 survivors (8192K)
 Metaspace       used 42943K, committed 43456K, reserved 1114112K
  class space    used 5651K, committed 5888K, reserved 1048576K
}
Event: 3.316 GC heap after
{Heap after GC invocations=12 (full 0):
 garbage-first heap   total 81920K, used 21444K [0x0000000602400000, 0x0000000800000000)
  region size 4096K, 2 young (8192K), 2 survivors (8192K)
 Metaspace       used 42943K, committed 43456K, reserved 1114112K
  class space    used 5651K, committed 5888K, reserved 1048576K
}
Event: 941.768 GC heap before
{Heap before GC invocations=12 (full 0):
 garbage-first heap   total 81920K, used 62404K [0x0000000602400000, 0x0000000800000000)
  region size 4096K, 12 young (49152K), 2 survivors (8192K)
 Metaspace       used 43615K, committed 44160K, reserved 1114112K
  class space    used 5740K, committed 5952K, reserved 1048576K
}

