# JRE version: OpenJDK Runtime Environment Temurin-21.0.2+13 (21.0.2+13) (build 21.0.2+13-LTS)
# Java VM: OpenJDK 64-Bit Server VM Temurin-21.0.2+13 (21.0.2+13-LTS, mixed mode, emulated-client, sharing, tiered, compressed oops, compressed class ptrs, g1 gc, windows-amd64)
GC Precious Log:
 CardTable entry size: 512
 Card Set container configuration: InlinePtr #cards 4 size 8 Array Of Cards #cards 32 size 80 Howl #buckets 8 coarsen threshold 7372 Howl Bitmap #cards 1024 size 144 coarsen threshold 921 Card regions per heap region 1 cards per card region 8192
 CPUs: 12 total, 12 available
 Memory: 32616M
 Large Page Support: Disabled
 NUMA Support: Disabled
 Compressed Oops: Enabled (Zero based)
 Heap Region Size: 4M
 Heap Min Capacity: 8M
 Heap Initial Capacity: 512M
 Heap Max Capacity: 8156M
 Pre-touch: Disabled
 Parallel Workers: 10
 Concurrent Workers: 3
 Concurrent Refinement Workers: 10
 Periodic GC: Disabled
Heap:
 garbage-first heap   total 303104K, used 75587K [0x0000000602400000, 0x0000000800000000)
  region size 4096K, 14 young (57344K), 1 survivors (4096K)
 Metaspace       used 57909K, committed 58560K, reserved 1114112K
  class space    used 7773K, committed 8064K, reserved 1048576K
GC Heap History (20 events):
Event: 6.856 GC heap before
{Heap before GC invocations=13 (full 0):
 garbage-first heap   total 303104K, used 109197K [0x0000000602400000, 0x0000000800000000)
  region size 4096K, 24 young (98304K), 2 survivors (8192K)
 Metaspace       used 52250K, committed 52928K, reserved 1114112K
  class space    used 7046K, committed 7360K, reserved 1048576K
}
Event: 6.863 GC heap after
{Heap after GC invocations=14 (full 0):
 garbage-first heap   total 303104K, used 27746K [0x0000000602400000, 0x0000000800000000)
  region size 4096K, 3 young (12288K), 3 survivors (12288K)
 Metaspace       used 52250K, committed 52928K, reserved 1114112K
  class space    used 7046K, committed 7360K, reserved 1048576K
}
Event: 37.201 GC heap before
{Heap before GC invocations=15 (full 0):
 garbage-first heap   total 122880K, used 89186K [0x0000000602400000, 0x0000000800000000)
  region size 4096K, 18 young (73728K), 3 survivors (12288K)
 Metaspace       used 56922K, committed 57664K, reserved 1114112K
  class space    used 7630K, committed 7936K, reserved 1048576K
}
Event: 37.208 GC heap after
{Heap after GC invocations=16 (full 0):
 garbage-first heap   total 122880K, used 30485K [0x0000000602400000, 0x0000000800000000)
  region size 4096K, 2 young (8192K), 2 survivors (8192K)
 Metaspace       used 56922K, committed 57664K, reserved 1114112K
  class space    used 7630K, committed 7936K, reserved 1048576K
}
Event: 1598.701 GC heap before
{Heap before GC invocations=16 (full 0):
 garbage-first heap   total 122880K, used 96021K [0x0000000602400000, 0x0000000800000000)
  region size 4096K, 18 young (73728K), 2 survivors (8192K)
 Metaspace       used 57522K, committed 58304K, reserved 1114112K
  class space    used 7725K, committed 8064K, reserved 1048576K
}
Event: 1598.708 GC heap after
{Heap after GC invocations=17 (full 0):
 garbage-first heap   total 122880K, used 30864K [0x0000000602400000, 0x0000000800000000)
  region size 4096K, 1 young (4096K), 1 survivors (4096K)
 Metaspace       used 57522K, committed 58304K, reserved 1114112K
  class space    used 7725K, committed 8064K, reserved 1048576K
}
Event: 3455.038 GC heap before
{Heap before GC invocations=17 (full 0):
 garbage-first heap   total 122880K, used 100496K [0x0000000602400000, 0x0000000800000000)
  region size 4096K, 18 young (73728K), 1 survivors (4096K)
 Metaspace       used 57553K, committed 58304K, reserved 1114112K
  class space    used 7730K, committed 8064K, reserved 1048576K
}
Event: 3455.042 GC heap after
{Heap after GC invocations=18 (full 0):
 garbage-first heap   total 122880K, used 30714K [0x0000000602400000, 0x0000000800000000)
  region size 4096K, 1 young (4096K), 1 survivors (4096K)
 Metaspace       used 57553K, committed 58304K, reserved 1114112K
  class space    used 7730K, committed 8064K, reserved 1048576K
}
Event: 5297.607 GC heap before
{Heap before GC invocations=18 (full 0):
 garbage-first heap   total 122880K, used 100346K [0x0000000602400000, 0x0000000800000000)
  region size 4096K, 18 young (73728K), 1 survivors (4096K)
 Metaspace       used 57553K, committed 58304K, reserved 1114112K
  class space    used 7730K, committed 8064K, reserved 1048576K
}
Event: 5297.611 GC heap after
{Heap after GC invocations=19 (full 0):
 garbage-first heap   total 122880K, used 31006K [0x0000000602400000, 0x0000000800000000)
  region size 4096K, 2 young (8192K), 2 survivors (8192K)
 Metaspace       used 57553K, committed 58304K, reserved 1114112K
  class space    used 7730K, committed 8064K, reserved 1048576K
}
Event: 7018.417 GC heap before
{Heap before GC invocations=20 (full 0):
 garbage-first heap   total 122880K, used 96542K [0x0000000602400000, 0x0000000800000000)
  region size 4096K, 18 young (73728K), 2 survivors (8192K)
 Metaspace       used 57101K, committed 58304K, reserved 1114112K
  class space    used 7616K, committed 8064K, reserved 1048576K
}
Event: 7018.427 GC heap after
{Heap after GC invocations=21 (full 0):
 garbage-first heap   total 122880K, used 31025K [0x0000000602400000, 0x0000000800000000)
  region size 4096K, 2 young (8192K), 2 survivors (8192K)
 Metaspace       used 57101K, committed 58304K, reserved 1114112K
  class space    used 7616K, committed 8064K, reserved 1048576K
}
Event: 8746.675 GC heap before
{Heap before GC invocations=21 (full 0):
 garbage-first heap   total 122880K, used 96561K [0x0000000602400000, 0x0000000800000000)
  region size 4096K, 18 young (73728K), 2 survivors (8192K)
 Metaspace       used 57103K, committed 58304K, reserved 1114112K
  class space    used 7617K, committed 8064K, reserved 1048576K
}
Event: 8746.684 GC heap after
{Heap after GC invocations=22 (full 0):
 garbage-first heap   total 122880K, used 30447K [0x0000000602400000, 0x0000000800000000)
  region size 4096K, 2 young (8192K), 2 survivors (8192K)
 Metaspace       used 57103K, committed 58304K, reserved 1114112K
  class space    used 7617K, committed 8064K, reserved 1048576K
}
Event: 9702.410 GC heap before
{Heap before GC invocations=22 (full 0):
 garbage-first heap   total 122880K, used 71407K [0x0000000602400000, 0x0000000800000000)
  region size 4096K, 13 young (53248K), 2 survivors (8192K)
 Metaspace       used 57292K, committed 58368K, reserved 1114112K
  class space    used 7659K, committed 8064K, reserved 1048576K
}
Event: 9702.468 GC heap after
{Heap after GC invocations=23 (full 1):
 garbage-first heap   total 81920K, used 22341K [0x0000000602400000, 0x0000000800000000)
  region size 4096K, 0 young (0K), 0 survivors (0K)
 Metaspace       used 57272K, committed 58368K, reserved 1114112K
  class space    used 7654K, committed 8064K, reserved 1048576K
}
Event: 9702.975 GC heap before
{Heap before GC invocations=23 (full 1):
 garbage-first heap   total 81920K, used 71493K [0x0000000602400000, 0x0000000800000000)
  region size 4096K, 12 young (49152K), 0 survivors (0K)
 Metaspace       used 57431K, committed 58368K, reserved 1114112K
  class space    used 7689K, committed 8064K, reserved 1048576K
}
Event: 9702.979 GC heap after
{Heap after GC invocations=24 (full 1):
 garbage-first heap   total 81920K, used 27029K [0x0000000602400000, 0x0000000800000000)
  region size 4096K, 2 young (8192K), 2 survivors (8192K)
 Metaspace       used 57431K, committed 58368K, reserved 1114112K
  class space    used 7689K, committed 8064K, reserved 1048576K
}
Event: 10096.437 GC heap before
{Heap before GC invocations=25 (full 1):
 garbage-first heap   total 81920K, used 59797K [0x0000000602400000, 0x0000000800000000)
  region size 4096K, 11 young (45056K), 2 survivors (8192K)
 Metaspace       used 57797K, committed 58496K, reserved 1114112K
  class space    used 7756K, committed 8064K, reserved 1048576K
}
Event: 10096.441 GC heap after
{Heap after GC invocations=26 (full 1):
 garbage-first heap   total 303104K, used 26435K [0x0000000602400000, 0x0000000800000000)
  region size 4096K, 1 young (4096K), 1 survivors (4096K)
 Metaspace       used 57797K, committed 58496K, reserved 1114112K
  class space    used 7756K, committed 8064K, reserved 1048576K
}

